INFO: [VRFC 10-2263] Analyzing Verilog file "D:/users/acad/2026.3/CPU/cpu-design/miniRV/src/rtl/ip/DRAM/sim/DRAM.v" into library xil_defaultlib
INFO: [VRFC 10-311] analyzing module DRAM
INFO: [VRFC 10-2263] Analyzing Verilog file "D:/users/acad/2026.3/CPU/cpu-design/miniRV/src/rtl/ip/IROM/sim/IROM.v" into library xil_defaultlib
INFO: [VRFC 10-311] analyzing module IROM
INFO: [VRFC 10-2263] Analyzing Verilog file "D:/users/acad/2026.3/CPU/cpu-design/miniRV/miniRV.gen/sources_1/ip/clk_wiz_0/clk_wiz_0_clk_wiz.v" into library xil_defaultlib
INFO: [VRFC 10-311] analyzing module clk_wiz_0_clk_wiz
INFO: [VRFC 10-2263] Analyzing Verilog file "D:/users/acad/2026.3/CPU/cpu-design/miniRV/miniRV.gen/sources_1/ip/clk_wiz_0/clk_wiz_0.v" into library xil_defaultlib
INFO: [VRFC 10-311] analyzing module clk_wiz_0
INFO: [VRFC 10-2263] Analyzing Verilog file "D:/users/acad/2026.3/CPU/cpu-design/miniRV/src/rtl/ALU.v" into library xil_defaultlib
INFO: [VRFC 10-311] analyzing module ALU
WARNING: [VRFC 10-3380] identifier 'a_latched' is used before its declaration [D:/users/acad/2026.3/CPU/cpu-design/miniRV/src/rtl/ALU.v:42]
WARNING: [VRFC 10-3380] identifier 'b_latched' is used before its declaration [D:/users/acad/2026.3/CPU/cpu-design/miniRV/src/rtl/ALU.v:43]
INFO: [VRFC 10-2263] Analyzing Verilog file "D:/users/acad/2026.3/CPU/cpu-design/miniRV/src/rtl/Controller.v" into library xil_defaultlib
INFO: [VRFC 10-311] analyzing module Controller
INFO: [VRFC 10-2263] Analyzing Verilog file "D:/users/acad/2026.3/CPU/cpu-design/miniRV/src/rtl/Data_RAM.v" into library xil_defaultlib
INFO: [VRFC 10-311] analyzing module Data_RAM
INFO: [VRFC 10-2263] Analyzing Verilog file "D:/users/acad/2026.3/CPU/cpu-design/miniRV/src/rtl/ForwardingUnit.v" into library xil_defaultlib
INFO: [VRFC 10-311] analyzing module ForwardingUnit
INFO: [VRFC 10-2263] Analyzing Verilog file "D:/users/acad/2026.3/CPU/cpu-design/miniRV/src/rtl/Inst_ROM.v" into library xil_defaultlib
INFO: [VRFC 10-311] analyzing module Inst_ROM
INFO: [VRFC 10-2263] Analyzing Verilog file "D:/users/acad/2026.3/CPU/cpu-design/miniRV/src/rtl/MEXT.v" into library xil_defaultlib
INFO: [VRFC 10-311] analyzing module MEXT
INFO: [VRFC 10-2263] Analyzing Verilog file "D:/users/acad/2026.3/CPU/cpu-design/miniRV/src/rtl/MREQ.v" into library xil_defaultlib
INFO: [VRFC 10-311] analyzing module MREQ
INFO: [VRFC 10-2263] Analyzing Verilog file "D:/users/acad/2026.3/CPU/cpu-design/miniRV/src/rtl/RF.v" into library xil_defaultlib
INFO: [VRFC 10-311] analyzing module RF
INFO: [VRFC 10-2263] Analyzing Verilog file "D:/users/acad/2026.3/CPU/cpu-design/miniRV/src/rtl/SEXT.v" into library xil_defaultlib
INFO: [VRFC 10-311] analyzing module SEXT
INFO: [VRFC 10-2263] Analyzing Verilog file "D:/users/acad/2026.3/CPU/cpu-design/miniRV/src/rtl/cpu_core.v" into library xil_defaultlib
INFO: [VRFC 10-311] analyzing module cpu_core
WARNING: [VRFC 10-2938] 'ex_mem_rf_we' is already implicitly declared on line 272 [D:/users/acad/2026.3/CPU/cpu-design/miniRV/src/rtl/cpu_core.v:341]
WARNING: [VRFC 10-2938] 'ex_mem_rd' is already implicitly declared on line 271 [D:/users/acad/2026.3/CPU/cpu-design/miniRV/src/rtl/cpu_core.v:345]
WARNING: [VRFC 10-2938] 'mem_wb_rf_we' is already implicitly declared on line 274 [D:/users/acad/2026.3/CPU/cpu-design/miniRV/src/rtl/cpu_core.v:417]
WARNING: [VRFC 10-2938] 'mem_wb_rd' is already implicitly declared on line 273 [D:/users/acad/2026.3/CPU/cpu-design/miniRV/src/rtl/cpu_core.v:419]
WARNING: [VRFC 10-2938] 'wb_rf_wD' is already implicitly declared on line 111 [D:/users/acad/2026.3/CPU/cpu-design/miniRV/src/rtl/cpu_core.v:488]
WARNING: [VRFC 10-2938] 'wb_rf_we' is already implicitly declared on line 109 [D:/users/acad/2026.3/CPU/cpu-design/miniRV/src/rtl/cpu_core.v:497]
WARNING: [VRFC 10-2938] 'wb_rf_wR' is already implicitly declared on line 110 [D:/users/acad/2026.3/CPU/cpu-design/miniRV/src/rtl/cpu_core.v:498]
WARNING: [VRFC 10-3380] identifier 'stall_f' is used before its declaration [D:/users/acad/2026.3/CPU/cpu-design/miniRV/src/rtl/cpu_core.v:39]
WARNING: [VRFC 10-3380] identifier 'pc_next' is used before its declaration [D:/users/acad/2026.3/CPU/cpu-design/miniRV/src/rtl/cpu_core.v:40]
WARNING: [VRFC 10-3380] identifier 'flush_f' is used before its declaration [D:/users/acad/2026.3/CPU/cpu-design/miniRV/src/rtl/cpu_core.v:55]
WARNING: [VRFC 10-3380] identifier 'stall_f' is used before its declaration [D:/users/acad/2026.3/CPU/cpu-design/miniRV/src/rtl/cpu_core.v:58]
WARNING: [VRFC 10-3380] identifier 'flush_d' is used before its declaration [D:/users/acad/2026.3/CPU/cpu-design/miniRV/src/rtl/cpu_core.v:165]
WARNING: [VRFC 10-3380] identifier 'stall_d' is used before its declaration [D:/users/acad/2026.3/CPU/cpu-design/miniRV/src/rtl/cpu_core.v:176]
WARNING: [VRFC 10-3380] identifier 'id_fwd_rd1' is used before its declaration [D:/users/acad/2026.3/CPU/cpu-design/miniRV/src/rtl/cpu_core.v:178]
WARNING: [VRFC 10-3380] identifier 'id_store_data' is used before its declaration [D:/users/acad/2026.3/CPU/cpu-design/miniRV/src/rtl/cpu_core.v:179]
WARNING: [VRFC 10-3380] identifier 'ex_br' is used before its declaration [D:/users/acad/2026.3/CPU/cpu-design/miniRV/src/rtl/cpu_core.v:210]
WARNING: [VRFC 10-3380] identifier 'ex_alu_c' is used before its declaration [D:/users/acad/2026.3/CPU/cpu-design/miniRV/src/rtl/cpu_core.v:215]
WARNING: [VRFC 10-3380] identifier 'mul_div_release' is used before its declaration [D:/users/acad/2026.3/CPU/cpu-design/miniRV/src/rtl/cpu_core.v:219]
WARNING: [VRFC 10-3380] identifier 'mul_div_release' is used before its declaration [D:/users/acad/2026.3/CPU/cpu-design/miniRV/src/rtl/cpu_core.v:224]
WARNING: [VRFC 10-3380] identifier 'ex_mul_div_busy' is used before its declaration [D:/users/acad/2026.3/CPU/cpu-design/miniRV/src/rtl/cpu_core.v:244]
WARNING: [VRFC 10-3380] identifier 'ex_alu_c' is used before its declaration [D:/users/acad/2026.3/CPU/cpu-design/miniRV/src/rtl/cpu_core.v:282]
WARNING: [VRFC 10-3380] identifier 'ex_mem_alu_c' is used before its declaration [D:/users/acad/2026.3/CPU/cpu-design/miniRV/src/rtl/cpu_core.v:284]
WARNING: [VRFC 10-3380] identifier 'wb_forward_data' is used before its declaration [D:/users/acad/2026.3/CPU/cpu-design/miniRV/src/rtl/cpu_core.v:286]
WARNING: [VRFC 10-3380] identifier 'ex_alu_c' is used before its declaration [D:/users/acad/2026.3/CPU/cpu-design/miniRV/src/rtl/cpu_core.v:290]
WARNING: [VRFC 10-3380] identifier 'ex_mem_alu_c' is used before its declaration [D:/users/acad/2026.3/CPU/cpu-design/miniRV/src/rtl/cpu_core.v:292]
WARNING: [VRFC 10-3380] identifier 'wb_forward_data' is used before its declaration [D:/users/acad/2026.3/CPU/cpu-design/miniRV/src/rtl/cpu_core.v:294]
WARNING: [VRFC 10-3380] identifier 'ex_mem_alu_c' is used before its declaration [D:/users/acad/2026.3/CPU/cpu-design/miniRV/src/rtl/cpu_core.v:300]
WARNING: [VRFC 10-3380] identifier 'ex_mem_alu_c' is used before its declaration [D:/users/acad/2026.3/CPU/cpu-design/miniRV/src/rtl/cpu_core.v:308]
WARNING: [VRFC 10-3380] identifier 'wb_forward_data' is used before its declaration [D:/users/acad/2026.3/CPU/cpu-design/miniRV/src/rtl/cpu_core.v:309]
WARNING: [VRFC 10-3380] identifier 'ex_mem_alu_c' is used before its declaration [D:/users/acad/2026.3/CPU/cpu-design/miniRV/src/rtl/cpu_core.v:314]
WARNING: [VRFC 10-3380] identifier 'wb_forward_data' is used before its declaration [D:/users/acad/2026.3/CPU/cpu-design/miniRV/src/rtl/cpu_core.v:315]
INFO: [VRFC 10-2263] Analyzing Verilog file "D:/users/acad/2026.3/CPU/cpu-design/miniRV/src/rtl/cpu_top.v" into library xil_defaultlib
INFO: [VRFC 10-311] analyzing module cpu_top
INFO: [VRFC 10-2263] Analyzing Verilog file "D:/users/acad/2026.3/CPU/cpu-design/miniRV/src/rtl/divider.v" into library xil_defaultlib
INFO: [VRFC 10-311] analyzing module divider
INFO: [VRFC 10-2263] Analyzing Verilog file "D:/users/acad/2026.3/CPU/cpu-design/miniRV/src/rtl/miniRV_SoC.v" into library xil_defaultlib
INFO: [VRFC 10-311] analyzing module miniRV_SoC
INFO: [VRFC 10-2263] Analyzing Verilog file "D:/users/acad/2026.3/CPU/cpu-design/miniRV/src/rtl/multiplier.v" into library xil_defaultlib
INFO: [VRFC 10-311] analyzing module multiplier
WARNING: [VRFC 10-3380] identifier 'O_WID' is used before its declaration [D:/users/acad/2026.3/CPU/cpu-design/miniRV/src/rtl/multiplier.v:11]
INFO: [VRFC 10-2263] Analyzing Verilog file "D:/users/acad/2026.3/CPU/cpu-design/miniRV/src/sim/soc_simple_tb.v" into library xil_defaultlib
INFO: [VRFC 10-311] analyzing module soc_simple_tb
